Copyright 1986-2016 Xilinx, Inc. All Rights Reserved.
-------------------------------------------------------------------------------------------------------------------------------------------------------------------------
| Tool Version     : Vivado v.2016.1 (win64) Build 1538259 Fri Apr  8 15:45:27 MDT 2016
| Date             : Tue May 01 12:24:40 2018
| Host             : volly-SF running 64-bit major release  (build 9200)
| Command          : report_power -file vga_controler_top_power_routed.rpt -pb vga_controler_top_power_summary_routed.pb -rpx vga_controler_top_power_routed.rpx
| Design           : vga_controler_top
| Device           : xc7a35tcpg236-1
| Design State     : routed
| Grade            : commercial
| Process          : typical
| Characterization : Production
-------------------------------------------------------------------------------------------------------------------------------------------------------------------------

Power Report

Table of Contents
-----------------
1. Summary
1.1 On-Chip Components
1.2 Power Supply Summary
1.3 Confidence Level
2. Settings
2.1 Environment
2.2 Clock Constraints
3. Detailed Reports
3.1 By Hierarchy

1. Summary
----------

+--------------------------+-------+
| Total On-Chip Power (W)  | 0.098 |
| Dynamic (W)              | 0.023 |
| Device Static (W)        | 0.075 |
| Effective TJA (C/W)      | 5.0   |
| Max Ambient (C)          | 84.5  |
| Junction Temperature (C) | 25.5  |
| Confidence Level         | Low   |
| Setting File             | ---   |
| Simulation Activity File | ---   |
| Design Nets Matched      | NA    |
+--------------------------+-------+


1.1 On-Chip Components
----------------------

+----------------+-----------+----------+-----------+-----------------+
| On-Chip        | Power (W) | Used     | Available | Utilization (%) |
+----------------+-----------+----------+-----------+-----------------+
| Clocks         |     0.003 |        3 |       --- |             --- |
| Slice Logic    |     0.001 |     1013 |       --- |             --- |
|   LUT as Logic |     0.001 |      562 |     20800 |            2.70 |
|   CARRY4       |    <0.001 |       96 |      8150 |            1.18 |
|   Register     |    <0.001 |      173 |     41600 |            0.42 |
|   F7/F8 Muxes  |    <0.001 |       27 |     32600 |            0.08 |
|   Others       |     0.000 |       69 |       --- |             --- |
| Signals        |     0.001 |      903 |       --- |             --- |
| Block RAM      |     0.017 |     30.5 |        50 |           61.00 |
| I/O            |    <0.001 |       23 |       106 |           21.70 |
| Static Power   |     0.075 |          |           |                 |
| Total          |     0.098 |          |           |                 |
+----------------+-----------+----------+-----------+-----------------+


1.2 Power Supply Summary
------------------------

+-----------+-------------+-----------+-------------+------------+
| Source    | Voltage (V) | Total (A) | Dynamic (A) | Static (A) |
+-----------+-------------+-----------+-------------+------------+
| Vccint    |       1.000 |     0.032 |       0.022 |      0.010 |
| Vccaux    |       1.800 |     0.013 |       0.000 |      0.013 |
| Vcco33    |       3.300 |     0.001 |       0.000 |      0.001 |
| Vcco25    |       2.500 |     0.000 |       0.000 |      0.000 |
| Vcco18    |       1.800 |     0.001 |       0.000 |      0.001 |
| Vcco15    |       1.500 |     0.000 |       0.000 |      0.000 |
| Vcco135   |       1.350 |     0.000 |       0.000 |      0.000 |
| Vcco12    |       1.200 |     0.000 |       0.000 |      0.000 |
| Vccaux_io |       1.800 |     0.000 |       0.000 |      0.000 |
| Vccbram   |       1.000 |     0.002 |       0.002 |      0.001 |
| MGTAVcc   |       1.000 |     0.000 |       0.000 |      0.000 |
| MGTAVtt   |       1.200 |     0.000 |       0.000 |      0.000 |
| Vccadc    |       1.800 |     0.020 |       0.000 |      0.020 |
+-----------+-------------+-----------+-------------+------------+


1.3 Confidence Level
--------------------

+-----------------------------+------------+--------------------------------------------------------+--------------------------------------------------------------------------------------------------------------------+
| User Input Data             | Confidence | Details                                                | Action                                                                                                             |
+-----------------------------+------------+--------------------------------------------------------+--------------------------------------------------------------------------------------------------------------------+
| Design implementation state | High       | Design is routed                                       |                                                                                                                    |
| Clock nodes activity        | Medium     | More than 5% of clocks are missing user specification  | Provide missing clock activity with a constraint file, simulation results or by editing the "By Clock Domain" view |
| I/O nodes activity          | Low        | More than 75% of inputs are missing user specification | Provide missing input activity with simulation results or by editing the "By Resource Type -> I/Os" view           |
| Internal nodes activity     | Medium     | User specified less than 25% of internal nodes         | Provide missing internal nodes activity with simulation results or by editing the "By Resource Type" views         |
| Device models               | High       | Device models are Production                           |                                                                                                                    |
|                             |            |                                                        |                                                                                                                    |
| Overall confidence level    | Low        |                                                        |                                                                                                                    |
+-----------------------------+------------+--------------------------------------------------------+--------------------------------------------------------------------------------------------------------------------+


2. Settings
-----------

2.1 Environment
---------------

+-----------------------+--------------------------+
| Ambient Temp (C)      | 25.0                     |
| ThetaJA (C/W)         | 5.0                      |
| Airflow (LFM)         | 250                      |
| Heat Sink             | medium (Medium Profile)  |
| ThetaSA (C/W)         | 4.6                      |
| Board Selection       | medium (10"x10")         |
| # of Board Layers     | 12to15 (12 to 15 Layers) |
| Board Temperature (C) | 25.0                     |
+-----------------------+--------------------------+


2.2 Clock Constraints
---------------------

+-------+--------+-----------------+
| Clock | Domain | Constraint (ns) |
+-------+--------+-----------------+
| clk_i | clk_i  |            10.0 |
+-------+--------+-----------------+


3. Detailed Reports
-------------------

3.1 By Hierarchy
----------------

+------------------------------------------------+-----------+
| Name                                           | Power (W) |
+------------------------------------------------+-----------+
| vga_controler_top                              |     0.023 |
|   i_content_ctrl                               |     0.020 |
|     i_mu1                                      |     0.013 |
|       U0                                       |     0.013 |
|         inst_blk_mem_gen                       |     0.013 |
|           gnbram.gnativebmg.native_blk_mem_gen |     0.013 |
|             valid.cstr                         |     0.013 |
|               bindec_a.bindec_inst_a           |     0.000 |
|               has_mux_a.A                      |    <0.001 |
|               ramloop[0].ram.r                 |     0.004 |
|                 prim_init.ram                  |     0.004 |
|               ramloop[10].ram.r                |    <0.001 |
|                 prim_init.ram                  |    <0.001 |
|               ramloop[11].ram.r                |    <0.001 |
|                 prim_init.ram                  |    <0.001 |
|               ramloop[12].ram.r                |    <0.001 |
|                 prim_init.ram                  |    <0.001 |
|               ramloop[13].ram.r                |    <0.001 |
|                 prim_init.ram                  |    <0.001 |
|               ramloop[14].ram.r                |    <0.001 |
|                 prim_init.ram                  |    <0.001 |
|               ramloop[15].ram.r                |    <0.001 |
|                 prim_init.ram                  |    <0.001 |
|               ramloop[16].ram.r                |    <0.001 |
|                 prim_init.ram                  |    <0.001 |
|               ramloop[17].ram.r                |    <0.001 |
|                 prim_init.ram                  |    <0.001 |
|               ramloop[18].ram.r                |    <0.001 |
|                 prim_init.ram                  |    <0.001 |
|               ramloop[19].ram.r                |    <0.001 |
|                 prim_init.ram                  |    <0.001 |
|               ramloop[1].ram.r                 |    <0.001 |
|                 prim_init.ram                  |    <0.001 |
|               ramloop[20].ram.r                |    <0.001 |
|                 prim_init.ram                  |    <0.001 |
|               ramloop[21].ram.r                |    <0.001 |
|                 prim_init.ram                  |    <0.001 |
|               ramloop[22].ram.r                |    <0.001 |
|                 prim_init.ram                  |    <0.001 |
|               ramloop[23].ram.r                |    <0.001 |
|                 prim_init.ram                  |    <0.001 |
|               ramloop[2].ram.r                 |     0.004 |
|                 prim_init.ram                  |     0.004 |
|               ramloop[3].ram.r                 |    <0.001 |
|                 prim_init.ram                  |    <0.001 |
|               ramloop[4].ram.r                 |     0.004 |
|                 prim_init.ram                  |     0.004 |
|               ramloop[5].ram.r                 |     0.002 |
|                 prim_init.ram                  |     0.002 |
|               ramloop[6].ram.r                 |    <0.001 |
|                 prim_init.ram                  |    <0.001 |
|               ramloop[7].ram.r                 |    <0.001 |
|                 prim_init.ram                  |    <0.001 |
|               ramloop[8].ram.r                 |    <0.001 |
|                 prim_init.ram                  |    <0.001 |
|               ramloop[9].ram.r                 |    <0.001 |
|                 prim_init.ram                  |    <0.001 |
|     i_mu2                                      |     0.005 |
|       U0                                       |     0.005 |
|         inst_blk_mem_gen                       |     0.005 |
|           gnbram.gnativebmg.native_blk_mem_gen |     0.005 |
|             valid.cstr                         |     0.005 |
|               bindec_a.bindec_inst_a           |     0.000 |
|               has_mux_a.A                      |    <0.001 |
|               ramloop[0].ram.r                 |    <0.001 |
|                 prim_init.ram                  |    <0.001 |
|               ramloop[1].ram.r                 |     0.002 |
|                 prim_init.ram                  |     0.002 |
|               ramloop[2].ram.r                 |    <0.001 |
|                 prim_init.ram                  |    <0.001 |
|               ramloop[3].ram.r                 |    <0.001 |
|                 prim_init.ram                  |    <0.001 |
|               ramloop[4].ram.r                 |     0.002 |
|                 prim_init.ram                  |     0.002 |
|     v_zero_reg[0]                              |    <0.001 |
|   i_io_ctrl                                    |     0.002 |
|   i_vga_ctrl                                   |     0.001 |
+------------------------------------------------+-----------+


